2025-12-20T19:39:49.652754Z  INFO ThreadId(01) Namespace manager started logging to file.
2025-12-20T19:39:49.652827Z  INFO ThreadId(01) Initializing Binary Registry...
2025-12-20T19:39:49.652848Z DEBUG ThreadId(01) Binary verified: "/usr/bin/nsenter"
2025-12-20T19:39:49.652863Z DEBUG ThreadId(01) Binary verified: "/usr/sbin/ip"
2025-12-20T19:39:49.652878Z DEBUG ThreadId(01) Binary verified: "/usr/sbin/ss"
2025-12-20T19:39:49.652895Z DEBUG ThreadId(01) Binary verified: "/usr/sbin/nft"
2025-12-20T19:39:49.652922Z DEBUG ThreadId(01) Binary verified: "/usr/bin/docker"
2025-12-20T19:39:49.652926Z DEBUG ThreadId(01) Scanning system for namespaces...
2025-12-20T19:40:15.629949Z DEBUG ThreadId(02) Scanning system for namespaces...
2025-12-20T19:40:17.059130Z DEBUG ThreadId(03) Performing deep process scan for Inode: 4026533679
2025-12-20T19:40:17.060704Z  WARN ThreadId(03) No processes found for Inode 4026533679. This can happen if the namespace is stale.
2025-12-20T19:40:20.319506Z DEBUG ThreadId(04) Performing deep process scan for Inode: 4026533609
2025-12-20T19:40:20.321012Z  WARN ThreadId(04) No processes found for Inode 4026533609. This can happen if the namespace is stale.
2025-12-20T19:40:22.545097Z DEBUG ThreadId(05) Performing deep process scan for Inode: 4026533679
2025-12-20T19:40:22.546598Z  WARN ThreadId(05) No processes found for Inode 4026533679. This can happen if the namespace is stale.
2025-12-20T19:40:26.523309Z DEBUG ThreadId(06) Scanning system for namespaces...
2025-12-20T19:40:31.749577Z DEBUG ThreadId(07) Performing deep process scan for Inode: 4026532879
2025-12-20T19:40:31.750948Z DEBUG ThreadId(07) Found process in namespace: [579076] pv-service (Env: 10)
2025-12-20T19:40:46.555693Z DEBUG ThreadId(08) Scanning system for namespaces...
2025-12-20T19:40:47.739922Z DEBUG ThreadId(09) Performing deep process scan for Inode: 4026533609
2025-12-20T19:40:47.741649Z DEBUG ThreadId(09) Found process in namespace: [736322] iperf3 (Env: 9)
2025-12-20T19:41:20.675244Z DEBUG ThreadId(10) Scanning system for namespaces...
2025-12-20T19:41:20.701534Z DEBUG ThreadId(11) Performing deep process scan for Inode: 4026533609
2025-12-20T19:41:20.703832Z DEBUG ThreadId(11) Found process in namespace: [736618] iperf3 (Env: 9)
2025-12-20T19:41:21.389187Z DEBUG ThreadId(12) Scanning system for namespaces...
2025-12-20T19:41:21.410316Z DEBUG ThreadId(13) Performing deep process scan for Inode: 4026533609
2025-12-20T19:41:21.411907Z DEBUG ThreadId(13) Found process in namespace: [736618] iperf3 (Env: 9)
2025-12-20T19:41:21.990273Z DEBUG ThreadId(14) Scanning system for namespaces...
2025-12-20T19:41:22.011521Z DEBUG ThreadId(15) Performing deep process scan for Inode: 4026533609
2025-12-20T19:41:22.013770Z DEBUG ThreadId(15) Found process in namespace: [736618] iperf3 (Env: 9)
2025-12-20T19:41:22.467800Z DEBUG ThreadId(16) Scanning system for namespaces...
2025-12-20T19:41:22.488929Z DEBUG ThreadId(17) Performing deep process scan for Inode: 4026533609
2025-12-20T19:41:22.490350Z DEBUG ThreadId(17) Found process in namespace: [736618] iperf3 (Env: 9)
2025-12-20T19:41:22.798370Z DEBUG ThreadId(18) Scanning system for namespaces...
2025-12-20T19:41:22.819772Z DEBUG ThreadId(19) Performing deep process scan for Inode: 4026533609
2025-12-20T19:41:22.821745Z DEBUG ThreadId(19) Found process in namespace: [736618] iperf3 (Env: 9)
2025-12-20T19:41:23.081123Z DEBUG ThreadId(20) Scanning system for namespaces...
2025-12-20T19:41:23.102290Z DEBUG ThreadId(21) Performing deep process scan for Inode: 4026533609
2025-12-20T19:41:23.104363Z DEBUG ThreadId(21) Found process in namespace: [736618] iperf3 (Env: 9)
2025-12-20T19:41:23.566641Z DEBUG ThreadId(22) Scanning system for namespaces...
2025-12-20T19:41:23.587673Z DEBUG ThreadId(23) Performing deep process scan for Inode: 4026533609
2025-12-20T19:41:23.589260Z DEBUG ThreadId(23) Found process in namespace: [736618] iperf3 (Env: 9)
2025-12-20T19:41:23.799284Z DEBUG ThreadId(24) Scanning system for namespaces...
2025-12-20T19:41:23.820358Z DEBUG ThreadId(25) Performing deep process scan for Inode: 4026533609
2025-12-20T19:41:23.821918Z DEBUG ThreadId(25) Found process in namespace: [736618] iperf3 (Env: 9)
2025-12-20T19:41:23.992972Z DEBUG ThreadId(26) Scanning system for namespaces...
2025-12-20T19:41:24.014066Z DEBUG ThreadId(27) Performing deep process scan for Inode: 4026533609
2025-12-20T19:41:24.015679Z DEBUG ThreadId(27) Found process in namespace: [736618] iperf3 (Env: 9)
2025-12-20T19:41:24.144832Z DEBUG ThreadId(28) Scanning system for namespaces...
2025-12-20T19:41:24.165935Z DEBUG ThreadId(29) Performing deep process scan for Inode: 4026533609
2025-12-20T19:41:24.168103Z DEBUG ThreadId(29) Found process in namespace: [736618] iperf3 (Env: 9)
2025-12-20T19:41:24.302442Z DEBUG ThreadId(30) Scanning system for namespaces...
2025-12-20T19:41:24.323522Z DEBUG ThreadId(31) Performing deep process scan for Inode: 4026533609
2025-12-20T19:41:24.325678Z DEBUG ThreadId(31) Found process in namespace: [736618] iperf3 (Env: 9)
2025-12-20T19:41:24.474058Z DEBUG ThreadId(32) Scanning system for namespaces...
2025-12-20T19:41:24.500594Z DEBUG ThreadId(33) Performing deep process scan for Inode: 4026533609
2025-12-20T19:41:24.502708Z DEBUG ThreadId(33) Found process in namespace: [736618] iperf3 (Env: 9)
2025-12-20T19:41:24.626359Z DEBUG ThreadId(34) Scanning system for namespaces...
2025-12-20T19:41:24.647445Z DEBUG ThreadId(35) Performing deep process scan for Inode: 4026533609
2025-12-20T19:41:24.648922Z DEBUG ThreadId(35) Found process in namespace: [736618] iperf3 (Env: 9)
2025-12-20T19:41:24.798236Z DEBUG ThreadId(36) Scanning system for namespaces...
2025-12-20T19:41:24.819807Z DEBUG ThreadId(37) Performing deep process scan for Inode: 4026533609
2025-12-20T19:41:24.822264Z DEBUG ThreadId(37) Found process in namespace: [736618] iperf3 (Env: 9)
2025-12-20T19:41:24.968327Z DEBUG ThreadId(38) Scanning system for namespaces...
2025-12-20T19:41:24.989567Z DEBUG ThreadId(39) Performing deep process scan for Inode: 4026533609
2025-12-20T19:41:24.991415Z DEBUG ThreadId(39) Found process in namespace: [736618] iperf3 (Env: 9)
2025-12-20T19:41:25.098782Z DEBUG ThreadId(40) Scanning system for namespaces...
2025-12-20T19:41:25.120424Z DEBUG ThreadId(41) Performing deep process scan for Inode: 4026533609
2025-12-20T19:41:25.122457Z DEBUG ThreadId(41) Found process in namespace: [736618] iperf3 (Env: 9)
2025-12-20T19:41:25.248931Z DEBUG ThreadId(42) Scanning system for namespaces...
2025-12-20T19:41:25.270181Z DEBUG ThreadId(43) Performing deep process scan for Inode: 4026533609
2025-12-20T19:41:25.272407Z DEBUG ThreadId(43) Found process in namespace: [736618] iperf3 (Env: 9)
2025-12-20T19:41:25.449986Z DEBUG ThreadId(44) Scanning system for namespaces...
2025-12-20T19:41:25.471428Z DEBUG ThreadId(45) Performing deep process scan for Inode: 4026533609
2025-12-20T19:41:25.472999Z DEBUG ThreadId(45) Found process in namespace: [736618] iperf3 (Env: 9)
2025-12-20T19:41:25.602326Z DEBUG ThreadId(46) Scanning system for namespaces...
2025-12-20T19:41:25.623575Z DEBUG ThreadId(47) Performing deep process scan for Inode: 4026533609
2025-12-20T19:41:25.625838Z DEBUG ThreadId(47) Found process in namespace: [736618] iperf3 (Env: 9)
2025-12-20T19:41:25.758594Z DEBUG ThreadId(48) Scanning system for namespaces...
2025-12-20T19:41:25.779706Z DEBUG ThreadId(49) Performing deep process scan for Inode: 4026533609
2025-12-20T19:41:25.781280Z DEBUG ThreadId(49) Found process in namespace: [736618] iperf3 (Env: 9)
2025-12-20T19:41:25.929365Z DEBUG ThreadId(50) Scanning system for namespaces...
2025-12-20T19:41:25.950581Z DEBUG ThreadId(51) Performing deep process scan for Inode: 4026533609
2025-12-20T19:41:25.952201Z DEBUG ThreadId(51) Found process in namespace: [736618] iperf3 (Env: 9)
2025-12-20T19:41:26.087666Z DEBUG ThreadId(52) Scanning system for namespaces...
2025-12-20T19:41:26.108927Z DEBUG ThreadId(53) Performing deep process scan for Inode: 4026533609
2025-12-20T19:41:26.111736Z DEBUG ThreadId(53) Found process in namespace: [736618] iperf3 (Env: 9)
2025-12-20T19:41:26.240055Z DEBUG ThreadId(54) Scanning system for namespaces...
2025-12-20T19:41:26.261484Z DEBUG ThreadId(55) Performing deep process scan for Inode: 4026533609
2025-12-20T19:41:26.263064Z DEBUG ThreadId(55) Found process in namespace: [736618] iperf3 (Env: 9)
2025-12-20T19:41:26.263195Z DEBUG ThreadId(55) Found process in namespace: [737705] ip (Env: 53)
2025-12-20T19:41:26.425592Z DEBUG ThreadId(56) Scanning system for namespaces...
2025-12-20T19:41:26.446703Z DEBUG ThreadId(57) Performing deep process scan for Inode: 4026533609
2025-12-20T19:41:26.449014Z DEBUG ThreadId(57) Found process in namespace: [736618] iperf3 (Env: 9)
2025-12-20T19:41:26.581502Z DEBUG ThreadId(58) Scanning system for namespaces...
2025-12-20T19:41:26.602686Z DEBUG ThreadId(59) Performing deep process scan for Inode: 4026533609
2025-12-20T19:41:26.605508Z DEBUG ThreadId(59) Found process in namespace: [736618] iperf3 (Env: 9)
2025-12-20T19:41:26.744295Z DEBUG ThreadId(60) Scanning system for namespaces...
2025-12-20T19:41:26.765332Z DEBUG ThreadId(61) Performing deep process scan for Inode: 4026533609
2025-12-20T19:41:26.767562Z DEBUG ThreadId(61) Found process in namespace: [736618] iperf3 (Env: 9)
2025-12-20T19:41:26.860714Z DEBUG ThreadId(62) Scanning system for namespaces...
2025-12-20T19:41:26.881823Z DEBUG ThreadId(63) Performing deep process scan for Inode: 4026533609
2025-12-20T19:41:26.883792Z DEBUG ThreadId(63) Found process in namespace: [736618] iperf3 (Env: 9)
2025-12-20T19:41:27.052730Z DEBUG ThreadId(64) Scanning system for namespaces...
2025-12-20T19:41:27.073844Z DEBUG ThreadId(65) Performing deep process scan for Inode: 4026533609
2025-12-20T19:41:27.075449Z DEBUG ThreadId(65) Found process in namespace: [736618] iperf3 (Env: 9)
2025-12-20T19:41:27.280215Z DEBUG ThreadId(66) Scanning system for namespaces...
2025-12-20T19:41:27.301824Z DEBUG ThreadId(67) Performing deep process scan for Inode: 4026533609
2025-12-20T19:41:27.304076Z DEBUG ThreadId(67) Found process in namespace: [736618] iperf3 (Env: 9)
2025-12-20T19:41:27.449816Z DEBUG ThreadId(68) Scanning system for namespaces...
2025-12-20T19:41:27.471033Z DEBUG ThreadId(69) Performing deep process scan for Inode: 4026533609
2025-12-20T19:41:27.473236Z DEBUG ThreadId(69) Found process in namespace: [736618] iperf3 (Env: 9)
2025-12-20T19:41:27.643098Z DEBUG ThreadId(70) Scanning system for namespaces...
2025-12-20T19:41:27.664178Z DEBUG ThreadId(71) Performing deep process scan for Inode: 4026533609
2025-12-20T19:41:27.665631Z DEBUG ThreadId(71) Found process in namespace: [736618] iperf3 (Env: 9)
2025-12-20T19:41:27.790437Z DEBUG ThreadId(72) Scanning system for namespaces...
2025-12-20T19:41:27.811515Z DEBUG ThreadId(73) Performing deep process scan for Inode: 4026533609
2025-12-20T19:41:27.813228Z DEBUG ThreadId(73) Found process in namespace: [736618] iperf3 (Env: 9)
2025-12-20T19:41:27.961872Z DEBUG ThreadId(74) Scanning system for namespaces...
2025-12-20T19:41:27.983063Z DEBUG ThreadId(75) Performing deep process scan for Inode: 4026533609
2025-12-20T19:41:27.985801Z DEBUG ThreadId(75) Found process in namespace: [736618] iperf3 (Env: 9)
2025-12-20T19:41:28.130693Z DEBUG ThreadId(76) Scanning system for namespaces...
2025-12-20T19:41:28.151724Z DEBUG ThreadId(77) Performing deep process scan for Inode: 4026533609
2025-12-20T19:41:28.153357Z DEBUG ThreadId(77) Found process in namespace: [736618] iperf3 (Env: 9)
2025-12-20T19:41:28.287415Z DEBUG ThreadId(78) Scanning system for namespaces...
2025-12-20T19:41:28.308538Z DEBUG ThreadId(79) Performing deep process scan for Inode: 4026533609
2025-12-20T19:41:28.310598Z DEBUG ThreadId(79) Found process in namespace: [736618] iperf3 (Env: 9)
2025-12-20T19:41:28.435308Z DEBUG ThreadId(80) Scanning system for namespaces...
2025-12-20T19:41:28.456435Z DEBUG ThreadId(81) Performing deep process scan for Inode: 4026533609
2025-12-20T19:41:28.458489Z DEBUG ThreadId(81) Found process in namespace: [736618] iperf3 (Env: 9)
2025-12-20T19:41:28.620099Z DEBUG ThreadId(82) Scanning system for namespaces...
2025-12-20T19:41:28.641606Z DEBUG ThreadId(83) Performing deep process scan for Inode: 4026533609
2025-12-20T19:41:28.643760Z DEBUG ThreadId(83) Found process in namespace: [736618] iperf3 (Env: 9)
2025-12-20T19:41:28.804165Z DEBUG ThreadId(84) Scanning system for namespaces...
2025-12-20T19:41:28.825480Z DEBUG ThreadId(85) Performing deep process scan for Inode: 4026533609
2025-12-20T19:41:28.827623Z DEBUG ThreadId(85) Found process in namespace: [736618] iperf3 (Env: 9)
2025-12-20T19:41:28.998498Z DEBUG ThreadId(86) Scanning system for namespaces...
2025-12-20T19:41:29.019601Z DEBUG ThreadId(87) Performing deep process scan for Inode: 4026533609
2025-12-20T19:41:29.021116Z DEBUG ThreadId(87) Found process in namespace: [736618] iperf3 (Env: 9)
2025-12-20T19:41:29.186624Z DEBUG ThreadId(88) Scanning system for namespaces...
2025-12-20T19:41:29.207652Z DEBUG ThreadId(89) Performing deep process scan for Inode: 4026533609
2025-12-20T19:41:29.209764Z DEBUG ThreadId(89) Found process in namespace: [736618] iperf3 (Env: 9)
2025-12-20T19:41:29.366750Z DEBUG ThreadId(90) Scanning system for namespaces...
2025-12-20T19:41:29.388346Z DEBUG ThreadId(91) Performing deep process scan for Inode: 4026533609
2025-12-20T19:41:29.390556Z DEBUG ThreadId(91) Found process in namespace: [736618] iperf3 (Env: 9)
2025-12-20T19:41:29.531152Z DEBUG ThreadId(92) Scanning system for namespaces...
2025-12-20T19:41:29.552673Z DEBUG ThreadId(93) Performing deep process scan for Inode: 4026533609
2025-12-20T19:41:29.555327Z DEBUG ThreadId(93) Found process in namespace: [736618] iperf3 (Env: 9)
2025-12-20T19:41:29.689194Z DEBUG ThreadId(94) Scanning system for namespaces...
2025-12-20T19:41:29.710331Z DEBUG ThreadId(95) Performing deep process scan for Inode: 4026533609
2025-12-20T19:41:29.712366Z DEBUG ThreadId(95) Found process in namespace: [736618] iperf3 (Env: 9)
2025-12-20T19:41:29.816381Z DEBUG ThreadId(96) Scanning system for namespaces...
2025-12-20T19:41:29.837689Z DEBUG ThreadId(97) Performing deep process scan for Inode: 4026533609
2025-12-20T19:41:29.840469Z DEBUG ThreadId(97) Found process in namespace: [736618] iperf3 (Env: 9)
2025-12-20T19:41:30.063535Z DEBUG ThreadId(98) Scanning system for namespaces...
2025-12-20T19:41:30.084842Z DEBUG ThreadId(99) Performing deep process scan for Inode: 4026533609
2025-12-20T19:41:30.086429Z DEBUG ThreadId(99) Found process in namespace: [736618] iperf3 (Env: 9)
2025-12-20T19:41:30.239849Z DEBUG ThreadId(100) Scanning system for namespaces...
2025-12-20T19:41:30.265992Z DEBUG ThreadId(101) Performing deep process scan for Inode: 4026533609
2025-12-20T19:41:30.267591Z DEBUG ThreadId(101) Found process in namespace: [736618] iperf3 (Env: 9)
2025-12-20T19:41:30.403448Z DEBUG ThreadId(102) Scanning system for namespaces...
2025-12-20T19:41:30.424835Z DEBUG ThreadId(103) Performing deep process scan for Inode: 4026533609
2025-12-20T19:41:30.427083Z DEBUG ThreadId(103) Found process in namespace: [736618] iperf3 (Env: 9)
2025-12-20T19:41:30.590793Z DEBUG ThreadId(104) Scanning system for namespaces...
2025-12-20T19:41:30.611824Z DEBUG ThreadId(105) Performing deep process scan for Inode: 4026533609
2025-12-20T19:41:30.613267Z DEBUG ThreadId(105) Found process in namespace: [736618] iperf3 (Env: 9)
2025-12-20T19:41:30.784385Z DEBUG ThreadId(106) Scanning system for namespaces...
2025-12-20T19:41:30.810575Z DEBUG ThreadId(107) Performing deep process scan for Inode: 4026533609
2025-12-20T19:41:30.812496Z DEBUG ThreadId(107) Found process in namespace: [736618] iperf3 (Env: 9)
2025-12-20T19:41:30.972585Z DEBUG ThreadId(108) Scanning system for namespaces...
2025-12-20T19:41:30.993783Z DEBUG ThreadId(109) Performing deep process scan for Inode: 4026533609
2025-12-20T19:41:30.996014Z DEBUG ThreadId(109) Found process in namespace: [736618] iperf3 (Env: 9)
2025-12-20T19:41:31.144302Z DEBUG ThreadId(110) Scanning system for namespaces...
2025-12-20T19:41:31.165794Z DEBUG ThreadId(111) Performing deep process scan for Inode: 4026533609
2025-12-20T19:41:31.168713Z DEBUG ThreadId(111) Found process in namespace: [736618] iperf3 (Env: 9)
2025-12-20T19:41:31.340944Z DEBUG ThreadId(112) Scanning system for namespaces...
2025-12-20T19:41:31.362074Z DEBUG ThreadId(113) Performing deep process scan for Inode: 4026533609
2025-12-20T19:41:31.363489Z DEBUG ThreadId(113) Found process in namespace: [736618] iperf3 (Env: 9)
2025-12-20T19:41:31.528224Z DEBUG ThreadId(114) Scanning system for namespaces...
2025-12-20T19:41:31.549326Z DEBUG ThreadId(115) Performing deep process scan for Inode: 4026533609
2025-12-20T19:41:31.550691Z  WARN ThreadId(115) No processes found for Inode 4026533609. This can happen if the namespace is stale.
2025-12-20T19:41:31.698045Z DEBUG ThreadId(116) Scanning system for namespaces...
2025-12-20T19:41:31.719242Z DEBUG ThreadId(117) Performing deep process scan for Inode: 4026533609
2025-12-20T19:41:31.720616Z  WARN ThreadId(117) No processes found for Inode 4026533609. This can happen if the namespace is stale.
2025-12-20T19:41:31.891224Z DEBUG ThreadId(118) Scanning system for namespaces...
2025-12-20T19:41:31.912223Z DEBUG ThreadId(119) Performing deep process scan for Inode: 4026533609
2025-12-20T19:41:31.913664Z DEBUG ThreadId(119) Found process in namespace: [735806] cdrouter-cli (Env: 9)
2025-12-20T19:41:32.072028Z DEBUG ThreadId(120) Scanning system for namespaces...
2025-12-20T19:41:32.093219Z DEBUG ThreadId(121) Performing deep process scan for Inode: 4026533609
2025-12-20T19:41:32.095412Z DEBUG ThreadId(121) Found process in namespace: [739263] arping (Env: 9)
